#
# There is insufficient memory for the Java Runtime Environment to continue.
# Native memory allocation (malloc) failed to allocate 32744 bytes for ChunkPool::allocate
# Possible reasons:
#   The system is out of physical RAM or swap space
#   The process is running with CompressedOops enabled, and the Java Heap may be blocking the growth of the native heap
# Possible solutions:
#   Reduce memory load on the system
#   Increase physical memory or swap space
#   Check if swap backing store is full
#   Decrease Java heap size (-Xmx/-Xms)
#   Decrease number of Java threads
Current thread (0x00000000579ea000):  JavaThread "C2 CompilerThread1" daemon [_thread_in_native, id=8384, stack(0x0000000058340000,0x0000000058440000)]

Stack: [0x0000000058340000,0x0000000058440000]
[error occurred during error reporting (printing stack bounds), id 0xc0000005]

Native frames: (J=compiled Java code, j=interpreted, Vv=VM code, C=native code)


Current CompileTask:
C2:33553396 53120       4       org.gradle.api.internal.artifacts.repositories.DefaultMavenArtifactRepository::<init> (123 bytes)


---------------  P R O C E S S  ---------------

Java Threads: ( => current thread )
  0x000000005ced6000 JavaThread "Cache worker for cache directory md-rule (C:\Users\Administrator\.gradle\caches\5.4.1\md-rule)" [_thread_blocked, id=87288, stack(0x0000000063810000,0x0000000063910000)]
  0x000000005ced3800 JavaThread "Cache worker for cache directory md-supplier (C:\Users\Administrator\.gradle\caches\5.4.1\md-supplier)" [_thread_blocked, id=85520, stack(0x0000000062da0000,0x0000000062ea0000)]
  0x000000005ced7000 JavaThread "Cache worker for file hash cache (D:\android\project\2020\Pets\.gradle\5.4.1\fileHashes)" [_thread_blocked, id=86992, stack(0x000000005b750000,0x000000005b850000)]
  0x000000005a1a6000 JavaThread "Thread-1790" [_thread_blocked, id=80656, stack(0x000000005c7a0000,0x000000005c8a0000)]
  0x000000005a1a9000 JavaThread "Stdin handler" [_thread_blocked, id=87484, stack(0x0000000060f30000,0x0000000061030000)]
  0x000000005a1a1800 JavaThread "Asynchronous log dispatcher for DefaultDaemonConnection: socket connection from /127.0.0.1:64116 to /127.0.0.1:58972" [_thread_blocked, id=81140, stack(0x0000000060c00000,0x0000000060d00000)]
  0x000000005a1a8800 JavaThread "Cancel handler" [_thread_blocked, id=87684, stack(0x000000005bfb0000,0x000000005c0b0000)]
  0x000000005a1a7800 JavaThread "Handler for socket connection from /127.0.0.1:64116 to /127.0.0.1:58972" [_thread_in_native, id=86640, stack(0x000000005ca10000,0x000000005cb10000)]
  0x0000000061320800 JavaThread "Daemon worker Thread 50" [_thread_in_native, id=83476, stack(0x000000005c370000,0x000000005c470000)]
  0x0000000061323000 JavaThread "Daemon Thread 50" [_thread_blocked, id=85236, stack(0x000000005b9d0000,0x000000005bad0000)]
  0x000000005ee11000 JavaThread "MarlinRenderer Disposer" daemon [_thread_blocked, id=56940, stack(0x000000006c960000,0x000000006ca60000)]
  0x000000005ee0e800 JavaThread "Java2D Disposer" daemon [_thread_blocked, id=56504, stack(0x000000006c810000,0x000000006c910000)]
  0x000000005ee10000 JavaThread "Cache worker for Java compile cache (C:\Users\Administrator\.gradle\caches\5.4.1\javaCompile)" [_thread_blocked, id=18480, stack(0x0000000069e50000,0x0000000069f50000)]
  0x000000005ac9c000 JavaThread "Cache worker for file content cache (C:\Users\Administrator\.gradle\caches\5.4.1\fileContent)" [_thread_blocked, id=19520, stack(0x0000000060070000,0x0000000060170000)]
  0x000000005a1aa800 JavaThread "Memory manager" [_thread_blocked, id=6412, stack(0x00000000632b0000,0x00000000633b0000)]
  0x000000005a1a3000 JavaThread "Cache worker for execution history cache (C:\Users\Administrator\.gradle\caches\5.4.1\executionHistory)" [_thread_blocked, id=7148, stack(0x000000005f6e0000,0x000000005f7e0000)]
  0x000000005a19c000 JavaThread "Cache worker for journal cache (C:\Users\Administrator\.gradle\caches\journal-1)" [_thread_blocked, id=8464, stack(0x000000005c8d0000,0x000000005c9d0000)]
  0x000000005a19b800 JavaThread "File lock request listener" [_thread_in_native, id=11848, stack(0x00000000573e0000,0x00000000574e0000)]
  0x000000005a1db800 JavaThread "Cache worker for file hash cache (C:\Users\Administrator\.gradle\caches\5.4.1\fileHashes)" [_thread_blocked, id=8480, stack(0x000000005c490000,0x000000005c590000)]
  0x0000000058c00000 JavaThread "Daemon periodic checks" [_thread_blocked, id=7788, stack(0x000000005b870000,0x000000005b970000)]
  0x0000000058b72000 JavaThread "Incoming local TCP Connector on port 64116" [_thread_in_native, id=3080, stack(0x000000005b640000,0x000000005b740000)]
  0x00000000599e2000 JavaThread "Daemon health stats" [_thread_blocked, id=7780, stack(0x000000005b170000,0x000000005b270000)]
  0x0000000057a11000 JavaThread "Service Thread" daemon [_thread_blocked, id=11308, stack(0x0000000058610000,0x0000000058710000)]
  0x00000000579ea800 JavaThread "C1 CompilerThread2" daemon [_thread_blocked, id=12420, stack(0x00000000584a0000,0x00000000585a0000)]
=>0x00000000579ea000 JavaThread "C2 CompilerThread1" daemon [_thread_in_native, id=8384, stack(0x0000000058340000,0x0000000058440000)]
  0x00000000564fe800 JavaThread "C2 CompilerThread0" daemon [_thread_blocked, id=7768, stack(0x0000000058140000,0x0000000058240000)]
  0x000000005798b800 JavaThread "Attach Listener" daemon [_thread_blocked, id=12364, stack(0x0000000058000000,0x0000000058100000)]
  0x000000005798a800 JavaThread "Signal Dispatcher" daemon [_thread_blocked, id=3084, stack(0x0000000057e40000,0x0000000057f40000)]
  0x00000000564da000 JavaThread "Finalizer" daemon [_thread_blocked, id=5252, stack(0x0000000057880000,0x0000000057980000)]
  0x00000000564d1000 JavaThread "Reference Handler" daemon [_thread_blocked, id=8692, stack(0x0000000057620000,0x0000000057720000)]
  0x0000000002508000 JavaThread "main" [_thread_blocked, id=7120, stack(0x00000000027b0000,0x00000000028b0000)]

Other Threads:
  0x0000000056489800 VMThread [stack: 0x0000000057510000,0x0000000057610000] [id=7876]
  0x0000000057a15000 WatcherThread [stack: 0x00000000587e0000,0x00000000588e0000] [id=1748]

VM state:not at safepoint (normal execution)

VM Mutex/Monitor currently owned by a thread: None

OutOfMemory and StackOverflow Exception counts:
OutOfMemoryError java_heap_errors=1

heap address: 0x00000000a0000000, size: 1536 MB, Compressed Oops mode: 32-bit
Narrow klass base: 0x0000000000000000, Narrow klass shift: 0
Compressed class space size: 1073741824 Address: 0x0000000015b00000

Heap:
 PSYoungGen      total 354304K, used 239116K [0x00000000e0000000, 0x0000000100000000, 0x0000000100000000)
  eden space 262144K, 61% used [0x00000000e0000000,0x00000000e9cbe3a0,0x00000000f0000000)
  from space 92160K, 85% used [0x00000000fa600000,0x00000000ff2c4cc8,0x0000000100000000)
  to   space 131072K, 0% used [0x00000000f0000000,0x00000000f0000000,0x00000000f8000000)
 ParOldGen       total 500224K, used 291659K [0x00000000a0000000, 0x00000000be880000, 0x00000000e0000000)
  object space 500224K, 58% used [0x00000000a0000000,0x00000000b1cd2c98,0x00000000be880000)
 Metaspace       used 137382K, capacity 147222K, committed 152488K, reserved 1181696K
  class space    used 16624K, capacity 18352K, committed 20136K, reserved 1048576K

Card table byte_map: [0x0000000011c70000,0x0000000011f80000] byte_map_base: 0x0000000011770000

Marking Bits: (ParMarkBitMap*) 0x000000005ffa9f30
 Begin Bits: [0x0000000012800000, 0x0000000014000000)
 End Bits:   [0x0000000014000000, 0x0000000015800000)

Polling page: 0x0000000000330000

CodeCache: size=245760Kb used=140148Kb max_used=142454Kb free=105611Kb
 bounds [0x00000000028b0000, 0x000000000b500000, 0x00000000118b0000]
 total_blobs=35416 nmethods=34369 adapters=954
 compilation: enabled

Compilation events (10 events):
Event: 33474.875 Thread 0x00000000579ea800 nmethod 53117 0x0000000008979e50 code [0x000000000897a060, 0x000000000897ac28]
Event: 33480.891 Thread 0x00000000564fe800 53118       4       com.android.apksig.internal.apk.ApkSigningBlockUtils::setUnsignedInt32LittleEndian (52 bytes)
Event: 33480.892 Thread 0x00000000564fe800 nmethod 53118 0x00000000039f0890 code [0x00000000039f09c0, 0x00000000039f0a98]
Event: 33487.667 Thread 0x00000000579ea800 53119       3       org.gradle.tooling.internal.adapter.ProtocolToModelAdapter$MixInTypeMappingAction::hashCode (16 bytes)
Event: 33487.667 Thread 0x00000000579ea800 nmethod 53119 0x0000000002c6acd0 code [0x0000000002c6ae40, 0x0000000002c6b118]
Event: 33540.188 Thread 0x00000000579ea000 53120       4       org.gradle.api.internal.artifacts.repositories.DefaultMavenArtifactRepository::<init> (123 bytes)
Event: 33540.188 Thread 0x00000000564fe800 53121       4       org.gradle.api.internal.artifacts.repositories.DefaultMavenArtifactRepository_Decorated::setUrl (12 bytes)
Event: 33540.190 Thread 0x00000000564fe800 nmethod 53121 0x000000000a109950 code [0x000000000a109a80, 0x000000000a109af8]
Event: 33540.193 Thread 0x00000000564fe800 53122       4       org.gradle.api.internal.artifacts.DefaultArtifactRepositoryContainer$2::execute (9 bytes)
Event: 33540.195 Thread 0x00000000564fe800 nmethod 53122 0x0000000003bfb610 code [0x0000000003bfb760, 0x0000000003bfb8f8]

GC Heap History (10 events):
Event: 33385.431 GC heap before
{Heap before GC invocations=369 (full 21):
 PSYoungGen      total 401408K, used 67559K [0x00000000e0000000, 0x0000000100000000, 0x0000000100000000)
  eden space 333824K, 0% used [0x00000000e0000000,0x00000000e0000000,0x00000000f4600000)
  from space 67584K, 99% used [0x00000000fb500000,0x00000000ff6f9d88,0x00000000ff700000)
  to   space 95232K, 0% used [0x00000000f4600000,0x00000000f4600000,0x00000000fa300000)
 ParOldGen       total 407040K, used 378682K [0x00000000a0000000, 0x00000000b8d80000, 0x00000000e0000000)
  object space 407040K, 93% used [0x00000000a0000000,0x00000000b71ceb00,0x00000000b8d80000)
 Metaspace       used 137281K, capacity 147060K, committed 152488K, reserved 1181696K
  class space    used 16609K, capacity 18325K, committed 20136K, reserved 1048576K
Event: 33386.433 GC heap after
Heap after GC invocations=369 (full 21):
 PSYoungGen      total 401408K, used 0K [0x00000000e0000000, 0x0000000100000000, 0x0000000100000000)
  eden space 333824K, 0% used [0x00000000e0000000,0x00000000e0000000,0x00000000f4600000)
  from space 67584K, 0% used [0x00000000fb500000,0x00000000fb500000,0x00000000ff700000)
  to   space 95232K, 0% used [0x00000000f4600000,0x00000000f4600000,0x00000000fa300000)
 ParOldGen       total 500224K, used 220597K [0x00000000a0000000, 0x00000000be880000, 0x00000000e0000000)
  object space 500224K, 44% used [0x00000000a0000000,0x00000000ad76d410,0x00000000be880000)
 Metaspace       used 137281K, capacity 147060K, committed 152488K, reserved 1181696K
  class space    used 16609K, capacity 18325K, committed 20136K, reserved 1048576K
}
Event: 33405.593 GC heap before
{Heap before GC invocations=370 (full 21):
 PSYoungGen      total 401408K, used 333824K [0x00000000e0000000, 0x0000000100000000, 0x0000000100000000)
  eden space 333824K, 100% used [0x00000000e0000000,0x00000000f4600000,0x00000000f4600000)
  from space 67584K, 0% used [0x00000000fb500000,0x00000000fb500000,0x00000000ff700000)
  to   space 95232K, 0% used [0x00000000f4600000,0x00000000f4600000,0x00000000fa300000)
 ParOldGen       total 500224K, used 220597K [0x00000000a0000000, 0x00000000be880000, 0x00000000e0000000)
  object space 500224K, 44% used [0x00000000a0000000,0x00000000ad76d410,0x00000000be880000)
 Metaspace       used 137297K, capacity 147084K, committed 152488K, reserved 1181696K
  class space    used 16611K, capacity 18329K, committed 20136K, reserved 1048576K
Event: 33405.617 GC heap after
Heap after GC invocations=370 (full 21):
 PSYoungGen      total 429056K, used 26202K [0x00000000e0000000, 0x0000000100000000, 0x0000000100000000)
  eden space 333824K, 0% used [0x00000000e0000000,0x00000000e0000000,0x00000000f4600000)
  from space 95232K, 27% used [0x00000000f4600000,0x00000000f5f96a08,0x00000000fa300000)
  to   space 88576K, 0% used [0x00000000fa980000,0x00000000fa980000,0x0000000100000000)
 ParOldGen       total 500224K, used 220597K [0x00000000a0000000, 0x00000000be880000, 0x00000000e0000000)
  object space 500224K, 44% used [0x00000000a0000000,0x00000000ad76d410,0x00000000be880000)
 Metaspace       used 137297K, capacity 147084K, committed 152488K, reserved 1181696K
  class space    used 16611K, capacity 18329K, committed 20136K, reserved 1048576K
}
Event: 33468.165 GC heap before
{Heap before GC invocations=371 (full 21):
 PSYoungGen      total 429056K, used 360026K [0x00000000e0000000, 0x0000000100000000, 0x0000000100000000)
  eden space 333824K, 100% used [0x00000000e0000000,0x00000000f4600000,0x00000000f4600000)
  from space 95232K, 27% used [0x00000000f4600000,0x00000000f5f96a08,0x00000000fa300000)
  to   space 88576K, 0% used [0x00000000fa980000,0x00000000fa980000,0x0000000100000000)
 ParOldGen       total 500224K, used 220597K [0x00000000a0000000, 0x00000000be880000, 0x00000000e0000000)
  object space 500224K, 44% used [0x00000000a0000000,0x00000000ad76d410,0x00000000be880000)
 Metaspace       used 137382K, capacity 147222K, committed 152488K, reserved 1181696K
  class space    used 16624K, capacity 18352K, committed 20136K, reserved 1048576K
Event: 33468.208 GC heap after
Heap after GC invocations=371 (full 21):
 PSYoungGen      total 428544K, used 51913K [0x00000000e0000000, 0x00000000fff80000, 0x0000000100000000)
  eden space 340480K, 0% used [0x00000000e0000000,0x00000000e0000000,0x00000000f4c80000)
  from space 88064K, 58% used [0x00000000fa980000,0x00000000fdc32718,0x00000000fff80000)
  to   space 91648K, 0% used [0x00000000f4c80000,0x00000000f4c80000,0x00000000fa600000)
 ParOldGen       total 500224K, used 220597K [0x00000000a0000000, 0x00000000be880000, 0x00000000e0000000)
  object space 500224K, 44% used [0x00000000a0000000,0x00000000ad76d410,0x00000000be880000)
 Metaspace       used 137382K, capacity 147222K, committed 152488K, reserved 1181696K
  class space    used 16624K, capacity 18352K, committed 20136K, reserved 1048576K
}
Event: 33469.772 GC heap before
{Heap before GC invocations=372 (full 21):
 PSYoungGen      total 428544K, used 392393K [0x00000000e0000000, 0x00000000fff80000, 0x0000000100000000)
  eden space 340480K, 100% used [0x00000000e0000000,0x00000000f4c80000,0x00000000f4c80000)
  from space 88064K, 58% used [0x00000000fa980000,0x00000000fdc32718,0x00000000fff80000)
  to   space 91648K, 0% used [0x00000000f4c80000,0x00000000f4c80000,0x00000000fa600000)
 ParOldGen       total 500224K, used 220597K [0x00000000a0000000, 0x00000000be880000, 0x00000000e0000000)
  object space 500224K, 44% used [0x00000000a0000000,0x00000000ad76d410,0x00000000be880000)
 Metaspace       used 137382K, capacity 147222K, committed 152488K, reserved 1181696K
  class space    used 16624K, capacity 18352K, committed 20136K, reserved 1048576K
Event: 33469.992 GC heap after
Heap after GC invocations=372 (full 21):
 PSYoungGen      total 432128K, used 91630K [0x00000000e0000000, 0x0000000100000000, 0x0000000100000000)
  eden space 340480K, 0% used [0x00000000e0000000,0x00000000e0000000,0x00000000f4c80000)
  from space 91648K, 99% used [0x00000000f4c80000,0x00000000fa5fb9a8,0x00000000fa600000)
  to   space 92160K, 0% used [0x00000000fa600000,0x00000000fa600000,0x0000000100000000)
 ParOldGen       total 500224K, used 265620K [0x00000000a0000000, 0x00000000be880000, 0x00000000e0000000)
  object space 500224K, 53% used [0x00000000a0000000,0x00000000b0365090,0x00000000be880000)
 Metaspace       used 137382K, capacity 147222K, committed 152488K, reserved 1181696K
  class space    used 16624K, capacity 18352K, committed 20136K, reserved 1048576K
}
Event: 33475.645 GC heap before
{Heap before GC invocations=373 (full 21):
 PSYoungGen      total 432128K, used 432110K [0x00000000e0000000, 0x0000000100000000, 0x0000000100000000)
  eden space 340480K, 100% used [0x00000000e0000000,0x00000000f4c80000,0x00000000f4c80000)
  from space 91648K, 99% used [0x00000000f4c80000,0x00000000fa5fb9a8,0x00000000fa600000)
  to   space 92160K, 0% used [0x00000000fa600000,0x00000000fa600000,0x0000000100000000)
 ParOldGen       total 500224K, used 265620K [0x00000000a0000000, 0x00000000be880000, 0x00000000e0000000)
  object space 500224K, 53% used [0x00000000a0000000,0x00000000b0365090,0x00000000be880000)
 Metaspace       used 137382K, capacity 147222K, committed 152488K, reserved 1181696K
  class space    used 16624K, capacity 18352K, committed 20136K, reserved 1048576K
Event: 33475.780 GC heap after
Heap after GC invocations=373 (full 21):
 PSYoungGen      total 354304K, used 78611K [0x00000000e0000000, 0x0000000100000000, 0x0000000100000000)
  eden space 262144K, 0% used [0x00000000e0000000,0x00000000e0000000,0x00000000f0000000)
  from space 92160K, 85% used [0x00000000fa600000,0x00000000ff2c4cc8,0x0000000100000000)
  to   space 131072K, 0% used [0x00000000f0000000,0x00000000f0000000,0x00000000f8000000)
 ParOldGen       total 500224K, used 291659K [0x00000000a0000000, 0x00000000be880000, 0x00000000e0000000)
  object space 500224K, 58% used [0x00000000a0000000,0x00000000b1cd2c98,0x00000000be880000)
 Metaspace       used 137382K, capacity 147222K, committed 152488K, reserved 1181696K
  class space    used 16624K, capacity 18352K, committed 20136K, reserved 1048576K
}

Deoptimization events (10 events):
Event: 33243.311 Thread 0x0000000061320800 Uncommon trap: reason=unstable_if action=reinterpret pc=0x000000000af6fe38 method=sun.misc.FormattedFloatingDecimal.applyPrecision(I[CII)I @ 6
Event: 33248.896 Thread 0x0000000061320800 Uncommon trap: reason=unstable_if action=reinterpret pc=0x0000000003990398 method=org.gradle.internal.snapshot.impl.AbstractScalarValueSnapshot.equals(Ljava/lang/Object;)Z @ 19
Event: 33386.437 Thread 0x00000000564da000 Uncommon trap: reason=unstable_if action=reinterpret pc=0x000000000af2b724 method=com.sun.crypto.provider.GaloisCounterMode.decryptFinal([BII[BI)I @ 5
Event: 33387.644 Thread 0x000000005ac9e000 Uncommon trap: reason=unstable_if action=reinterpret pc=0x0000000006921364 method=java.util.concurrent.ForkJoinTask.get()Ljava/lang/Object; @ 43
Event: 33387.786 Thread 0x000000005a1a7800 Uncommon trap: reason=class_check action=maybe_recompile pc=0x0000000008f21050 method=com.google.common.collect.SortedIterables.hasSameComparator(Ljava/util/Comparator;Ljava/lang/Iterable;)Z @ 11
Event: 33387.787 Thread 0x000000005a1a7800 Uncommon trap: reason=speculate_class_check action=maybe_recompile pc=0x000000000655cd54 method=org.gradle.internal.Try.map(Ljava/util/function/Function;)Lorg/gradle/internal/Try; @ 10
Event: 33387.788 Thread 0x000000005a1a7800 Uncommon trap: reason=unstable_if action=reinterpret pc=0x000000000969ddd8 method=org.gradle.execution.plan.DefaultExecutionPlan.selectNext(Lorg/gradle/internal/work/WorkerLeaseRegistry$WorkerLease;Lorg/gradle/internal/resources/ResourceLockState;)Lorg/gr
Event: 33405.900 Thread 0x0000000061320800 Uncommon trap: reason=bimorphic action=maybe_recompile pc=0x000000000430a48c method=org.gradle.internal.logging.text.AbstractStyledTextOutput.text(Ljava/lang/Object;)Lorg/gradle/internal/logging/text/StyledTextOutput; @ 11
Event: 33405.901 Thread 0x0000000061320800 Uncommon trap: reason=bimorphic action=maybe_recompile pc=0x000000000430a48c method=org.gradle.internal.logging.text.AbstractStyledTextOutput.text(Ljava/lang/Object;)Lorg/gradle/internal/logging/text/StyledTextOutput; @ 11
Event: 33473.398 Thread 0x000000006ab19000 Uncommon trap: reason=unstable_if action=reinterpret pc=0x000000000398d358 method=org.gradle.internal.snapshot.impl.AbstractScalarValueSnapshot.equals(Ljava/lang/Object;)Z @ 19

Classes redefined (0 events):
No events

Internal exceptions (10 events):
Event: 33405.899 Thread 0x0000000061320800 Exception <a 'sun/nio/fs/WindowsException'> (0x00000000e3fa9270) thrown at [D:\src\AOSP-openjdk-cygwin\jdk8u\hotspot\src\share\vm\prims\jni.cpp, line 710]
Event: 33405.900 Thread 0x0000000061320800 Exception <a 'sun/nio/fs/WindowsException'> (0x00000000e3faab88) thrown at [D:\src\AOSP-openjdk-cygwin\jdk8u\hotspot\src\share\vm\prims\jni.cpp, line 710]
Event: 33468.157 Thread 0x000000006127f000 Exception <a 'sun/nio/fs/WindowsException'> (0x00000000f2e0b840) thrown at [D:\src\AOSP-openjdk-cygwin\jdk8u\hotspot\src\share\vm\prims\jni.cpp, line 710]
Event: 33469.486 Thread 0x0000000061280800 Exception <a 'sun/nio/fs/WindowsException'> (0x00000000f22513f8) thrown at [D:\src\AOSP-openjdk-cygwin\jdk8u\hotspot\src\share\vm\prims\jni.cpp, line 710]
Event: 33470.665 Thread 0x000000005ced3800 Exception <a 'sun/nio/fs/WindowsException'> (0x00000000e851a4b0) thrown at [D:\src\AOSP-openjdk-cygwin\jdk8u\hotspot\src\share\vm\prims\jni.cpp, line 710]
Event: 33473.369 Thread 0x000000006ab19000 Exception <a 'java/io/FileNotFoundException'> (0x00000000e963c480) thrown at [D:\src\AOSP-openjdk-cygwin\jdk8u\hotspot\src\share\vm\prims\jni.cpp, line 710]
Event: 33487.670 Thread 0x0000000061320800 Exception <a 'sun/nio/fs/WindowsException'> (0x00000000e8aa4968) thrown at [D:\src\AOSP-openjdk-cygwin\jdk8u\hotspot\src\share\vm\prims\jni.cpp, line 710]
Event: 33487.676 Thread 0x0000000061320800 Exception <a 'sun/nio/fs/WindowsException'> (0x00000000e8aa6270) thrown at [D:\src\AOSP-openjdk-cygwin\jdk8u\hotspot\src\share\vm\prims\jni.cpp, line 710]
Event: 33487.676 Thread 0x0000000061320800 Exception <a 'sun/nio/fs/WindowsException'> (0x00000000e8aa7ba0) thrown at [D:\src\AOSP-openjdk-cygwin\jdk8u\hotspot\src\share\vm\prims\jni.cpp, line 710]
Event: 33487.677 Thread 0x0000000061320800 Exception <a 'sun/nio/fs/WindowsException'> (0x00000000e8aa94b8) thrown at [D:\src\AOSP-openjdk-cygwin\jdk8u\hotspot\src\share\vm\prims\jni.cpp, line 710]

Events (10 events):
Event: 33540.127 Executing VM operation: RevokeBias
Event: 33540.127 Executing VM operation: RevokeBias done
Event: 33540.127 Executing VM operation: RevokeBias
Event: 33540.127 Executing VM operation: RevokeBias done
Event: 33540.127 Executing VM operation: RevokeBias
Event: 33540.127 Executing VM operation: RevokeBias done
Event: 33540.191 Thread 0x00000000564fe800 flushing nmethod 0x0000000003990090
Event: 33540.191 Thread 0x00000000564fe800 flushing nmethod 0x00000000039b8a10
Event: 33540.193 Thread 0x000000005ced3800 Thread added: 0x000000005ced3800
Event: 33540.195 Thread 0x000000005ced6000 Thread added: 0x000000005ced6000


Dynamic libraries:
0x000000013f430000 - 0x000000013f461000 	C:\Program Files\Android\Android Studio\jre\bin\java.exe
0x0000000077070000 - 0x0000000077219000 	C:\Windows\SYSTEM32\ntdll.dll
0x0000000076e50000 - 0x0000000076f6f000 	C:\Windows\system32\kernel32.dll
0x000007fefcf20000 - 0x000007fefcf8c000 	C:\Windows\system32\KERNELBASE.dll
0x000007fefe990000 - 0x000007fefea6b000 	C:\Windows\system32\ADVAPI32.dll
0x000007fefebe0000 - 0x000007fefec7f000 	C:\Windows\system32\msvcrt.dll
0x000007fefd280000 - 0x000007fefd29f000 	C:\Windows\SYSTEM32\sechost.dll
0x000007fefe860000 - 0x000007fefe98d000 	C:\Windows\system32\RPCRT4.dll
0x0000000076f70000 - 0x000000007706a000 	C:\Windows\system32\USER32.dll
0x000007fefe270000 - 0x000007fefe2d7000 	C:\Windows\system32\GDI32.dll
0x000007fefd270000 - 0x000007fefd27e000 	C:\Windows\system32\LPK.dll
0x000007fefea70000 - 0x000007fefeb39000 	C:\Windows\system32\USP10.dll
0x000007fefb4e0000 - 0x000007fefb6d4000 	C:\Windows\WinSxS\amd64_microsoft.windows.common-controls_6595b64144ccf1df_6.0.7601.17514_none_fa396087175ac9ac\COMCTL32.dll
0x000007fefe170000 - 0x000007fefe1e1000 	C:\Windows\system32\SHLWAPI.dll
0x000007fefe2e0000 - 0x000007fefe30e000 	C:\Windows\system32\IMM32.DLL
0x000007feff100000 - 0x000007feff209000 	C:\Windows\system32\MSCTF.dll
0x000007fefcdf0000 - 0x000007fefce20000 	C:\Windows\system32\nvinitx.dll
0x000007fefcde0000 - 0x000007fefcdec000 	C:\Windows\system32\VERSION.dll
0x0000000074370000 - 0x0000000074376000 	C:\Program Files\NVIDIA Corporation\CoProcManager\detoured.dll
0x000007fefb9a0000 - 0x000007fefb9d8000 	C:\Program Files\NVIDIA Corporation\CoProcManager\nvd3d9wrapx.dll
0x000007fefec80000 - 0x000007fefee57000 	C:\Windows\system32\SETUPAPI.dll
0x000007fefced0000 - 0x000007fefcf06000 	C:\Windows\system32\CFGMGR32.dll
0x000007fefd2a0000 - 0x000007fefd377000 	C:\Windows\system32\OLEAUT32.dll
0x000007fefe640000 - 0x000007fefe843000 	C:\Windows\system32\ole32.dll
0x000007fefcfa0000 - 0x000007fefcfba000 	C:\Windows\system32\DEVOBJ.dll
0x000007fefb970000 - 0x000007fefb994000 	C:\Program Files\NVIDIA Corporation\CoProcManager\nvdxgiwrapx.dll
0x0000000061050000 - 0x0000000061122000 	C:\Program Files\Android\Android Studio\jre\jre\bin\msvcr100.dll
0x000000005f7e0000 - 0x0000000060026000 	C:\Program Files\Android\Android Studio\jre\jre\bin\server\jvm.dll
0x000007fef9270000 - 0x000007fef9279000 	C:\Windows\system32\WSOCK32.dll
0x000007fefee60000 - 0x000007fefeead000 	C:\Windows\system32\WS2_32.dll
0x000007fefe850000 - 0x000007fefe858000 	C:\Windows\system32\NSI.dll
0x000007fefae20000 - 0x000007fefae5b000 	C:\Windows\system32\WINMM.dll
0x0000000077240000 - 0x0000000077247000 	C:\Windows\system32\PSAPI.DLL
0x000007fef9260000 - 0x000007fef926f000 	C:\Program Files\Android\Android Studio\jre\jre\bin\verify.dll
0x000007fef8fc0000 - 0x000007fef8fe9000 	C:\Program Files\Android\Android Studio\jre\jre\bin\java.dll
0x000007fef8fa0000 - 0x000007fef8fb6000 	C:\Program Files\Android\Android Studio\jre\jre\bin\zip.dll
0x000007fefd3e0000 - 0x000007fefe168000 	C:\Windows\system32\SHELL32.dll
0x000007fefceb0000 - 0x000007fefcebf000 	C:\Windows\system32\profapi.dll
0x000007fef5c50000 - 0x000007fef5c6a000 	C:\Program Files\Android\Android Studio\jre\jre\bin\net.dll
0x000007fefc5f0000 - 0x000007fefc645000 	C:\Windows\system32\mswsock.dll
0x000007fefc5e0000 - 0x000007fefc5e7000 	C:\Windows\System32\wship6.dll
0x000007fef4f90000 - 0x000007fef4fa1000 	C:\Program Files\Android\Android Studio\jre\jre\bin\nio.dll
0x000007fef3c70000 - 0x000007fef3c96000 	C:\Users\Administrator\.gradle\native\29\windows-amd64\native-platform.dll
0x000007fef9e60000 - 0x000007fef9e63000 	C:\Windows\system32\api-ms-win-core-synch-l1-2-0.DLL
0x000007fef5c40000 - 0x000007fef5c4d000 	C:\Program Files\Android\Android Studio\jre\jre\bin\management.dll
0x000007fefc650000 - 0x000007fefc667000 	C:\Windows\system32\CRYPTSP.dll
0x000007fefc350000 - 0x000007fefc397000 	C:\Windows\system32\rsaenh.dll
0x000007fefcfd0000 - 0x000007fefcfee000 	C:\Windows\system32\USERENV.dll
0x000007fefccd0000 - 0x000007fefccdf000 	C:\Windows\system32\CRYPTBASE.dll
0x000007fef9e80000 - 0x000007fef9ea7000 	C:\Windows\system32\IPHLPAPI.DLL
0x000007fef9e70000 - 0x000007fef9e7b000 	C:\Windows\system32\WINNSI.DLL
0x000007fef8d90000 - 0x000007fef8da8000 	C:\Windows\system32\dhcpcsvc.DLL
0x000007fef8d70000 - 0x000007fef8d81000 	C:\Windows\system32\dhcpcsvc6.DLL
0x000007fef32c0000 - 0x000007fef32e4000 	C:\Program Files\Android\Android Studio\jre\jre\bin\sunec.dll
0x000007fefbe50000 - 0x000007fefbe57000 	C:\Windows\System32\wshtcpip.dll
0x000007fefc470000 - 0x000007fefc4cb000 	C:\Windows\system32\DNSAPI.dll
0x000007fef5d80000 - 0x000007fef5d88000 	C:\Windows\system32\rasadhlp.dll
0x000007fef8e30000 - 0x000007fef8e83000 	C:\Windows\System32\fwpuclnt.dll
0x000007fef9460000 - 0x000007fef946b000 	C:\Program Files\Android\Android Studio\jre\jre\bin\sunmscapi.dll
0x000007fefd050000 - 0x000007fefd1b7000 	C:\Windows\system32\CRYPT32.dll
0x000007fefcec0000 - 0x000007fefcecf000 	C:\Windows\system32\MSASN1.dll
0x000007fefcc70000 - 0x000007fefccc7000 	C:\Windows\system32\apphelp.dll
0x000007fee7ee0000 - 0x000007fee807c000 	C:\Program Files\Android\Android Studio\jre\jre\bin\awt.dll
0x000007fefae60000 - 0x000007fefae78000 	C:\Windows\system32\dwmapi.dll
0x000007fee7b10000 - 0x000007fee7ed4000 	C:\Windows\system32\d2d1.dll

VM Arguments:
jvm_args: -Xmx1536m -Dfile.encoding=GBK -Duser.country=CN -Duser.language=zh -Duser.variant 
java_command: org.gradle.launcher.daemon.bootstrap.GradleDaemon 5.4.1
java_class_path (initial): C:\Users\Administrator\.gradle\wrapper\dists\gradle-5.4.1-all\3221gyojl5jsh0helicew7rwx\gradle-5.4.1\lib\gradle-launcher-5.4.1.jar
Launcher Type: SUN_STANDARD

Environment Variables:
JAVA_HOME=C:\Program Files\Java\jdk1.8.0_40
CLASSPATH=.;C:\Program Files\Java\jdk1.8.0_40\lib;C:\Program Files\Java\jdk1.8.0_40\lib\tools.jar;C:\Program Files\Java\jdk1.8.0_40\lib\dt.jar;
PATH=C:\ProgramData\Oracle\Java\javapath;C:\Windows\system32;C:\Windows;C:\Windows\System32\Wbem;C:\Windows\System32\WindowsPowerShell\v1.0\;C:\Program Files\TortoiseGit\bin;C:\Program Files\Java\jdk1.8.0_40\bin;C:\Program Files (x86)\NVIDIA Corporation\PhysX\Common;C:\Program Files\Git\cmd;C:\Program Files (x86)\MyDrivers\DriverGenius;C:\Program Files (x86)\MyDrivers\DriverGenius\ksoft
USERNAME=nyw
OS=Windows_NT
PROCESSOR_IDENTIFIER=Intel64 Family 6 Model 58 Stepping 9, GenuineIntel



---------------  S Y S T E M  ---------------

OS: Windows 7 , 64 bit Build 7601 (6.1.7601.17932)

CPU:total 4 (initial active 4) (2 cores per cpu, 2 threads per core) family 6 model 58 stepping 9, cmov, cx8, fxsr, mmx, sse, sse2, sse3, ssse3, sse4.1, sse4.2, popcnt, avx, aes, clmul, erms, ht, tsc, tscinvbit, tscinv

Memory: 4k page, physical 8271668k(213760k free), swap 10975676k(240k free)

vm_info: OpenJDK 64-Bit Server VM (25.202-b03) for windows-amd64 JRE (1.8.0_202-release-1483-b03), built by "builder" with MS VC++ 10.0 (VS2010)

time: Wed Jun 24 18:39:04 2020
timezone: 中国标准时间
elapsed time: 33540 seconds (0d 9h 19m 0s)

